<?xml version="1.0" encoding="UTF-8"?>
<!-- Generated by org.testng.reporters.JUnitReportReporter -->
<testsuite skipped="0" hostname="Murari-PC" name="dummyclassmethod.facebook_login" tests="1" failures="0" timestamp="10 Mar 2018 03:27:43 GMT" time="33.390" errors="0">
  <testcase name="facebookloginwithMulitpledata" time="33.390" classname="dummyclassmethod.facebook_login"/>
</testsuite> <!-- dummyclassmethod.facebook_login -->
