<?xml version="1.0" encoding="UTF-8"?>
<!-- Generated by org.testng.reporters.JUnitReportReporter -->
<testsuite skipped="0" hostname="Murari-PC" name="engine.propertyFileAccess" tests="1" failures="0" timestamp="24 Feb 2018 00:36:56 GMT" time="0.040" errors="0">
  <testcase name="createPropertiesFile" time="0.040" classname="engine.propertyFileAccess"/>
</testsuite> <!-- engine.propertyFileAccess -->
