<?xml version="1.0" encoding="UTF-8"?>
<!-- Generated by org.testng.reporters.JUnitReportReporter -->
<testsuite skipped="0" hostname="Murari-PC" name="dummyProject.flipcartTestCaseAutomation" tests="9" failures="0" timestamp="04 Mar 2018 17:16:07 GMT" time="287.193" errors="0">
  <testcase name="enterFlipCartUrl" time="75.933" classname="dummyProject.flipcartTestCaseAutomation"/>
  <testcase name="mouseOverOnElectronic_StoreTextInTextFile" time="8.030" classname="dummyProject.flipcartTestCaseAutomation"/>
  <testcase name="selectPriceRange" time="1.908" classname="dummyProject.flipcartTestCaseAutomation"/>
  <testcase name="selectMobileBrandAsSamsung" time="1.491" classname="dummyProject.flipcartTestCaseAutomation"/>
  <testcase name="checkAllSamsungMobileDisplayOrNot" time="3.889" classname="dummyProject.flipcartTestCaseAutomation"/>
  <testcase name="ClickOnFistSamsungMobileIfItIsNotOutOfStock" time="26.547" classname="dummyProject.flipcartTestCaseAutomation"/>
  <testcase name="addMobileToCart" time="14.111" classname="dummyProject.flipcartTestCaseAutomation"/>
  <testcase name="placeOrder" time="151.224" classname="dummyProject.flipcartTestCaseAutomation"/>
  <testcase name="enterMobileOrPhoneNumber" time="4.060" classname="dummyProject.flipcartTestCaseAutomation"/>
</testsuite> <!-- dummyProject.flipcartTestCaseAutomation -->
