<?xml version="1.0" encoding="UTF-8"?>
<!-- Generated by org.testng.reporters.JUnitReportReporter -->
<testsuite skipped="0" hostname="Murari-PC" name="dummyclassmethod.facebook_login" tests="1" failures="0" timestamp="10 Mar 2018 02:23:45 GMT" time="180.621" errors="0">
  <testcase name="facebookloginwithMulitpledata" time="180.621" classname="dummyclassmethod.facebook_login"/>
</testsuite> <!-- dummyclassmethod.facebook_login -->
