<?xml version="1.0" encoding="UTF-8"?>
<!-- Generated by org.testng.reporters.JUnitReportReporter -->
<testsuite skipped="0" hostname="Murari-PC" name="engine.filecreating" tests="1" failures="0" timestamp="24 Feb 2018 00:13:33 GMT" time="0.181" errors="0">
  <testcase name="createPropertiesFile" time="0.181" classname="engine.filecreating"/>
</testsuite> <!-- engine.filecreating -->
