<?xml version="1.0" encoding="UTF-8"?>
<!-- Generated by org.testng.reporters.JUnitReportReporter -->
<testsuite skipped="0" hostname="Walkingtree-PC" name="dummyProject.flipcartTestCaseAutomation" tests="2" failures="0" timestamp="02 Mar 2018 12:32:17 GMT" time="14.887" errors="0">
  <testcase name="enterFlipCartUrl" time="14.883" classname="dummyProject.flipcartTestCaseAutomation"/>
  <testcase name="mouseOverOnElectronic_StoreTextInTextFile" time="0.004" classname="dummyProject.flipcartTestCaseAutomation"/>
</testsuite> <!-- dummyProject.flipcartTestCaseAutomation -->
