<?xml version="1.0" encoding="UTF-8"?>
<!-- Generated by org.testng.reporters.JUnitReportReporter -->
<testsuite skipped="0" hostname="Murari-PC" name="dummyProject.facebook_login_With_MultipleData" tests="1" failures="0" timestamp="11 Mar 2018 01:58:14 GMT" time="23.159" errors="0">
  <testcase name="facebookloginwithMulitpledata" time="23.159" classname="dummyProject.facebook_login_With_MultipleData"/>
</testsuite> <!-- dummyProject.facebook_login_With_MultipleData -->
